Merge Join  (cost=5305506767.13..162968266337.19 rows=9007733096448 width=84)
  Merge Cond: ((unnest(string_to_array(travistorrent_8_2_2017.git_all_built_commits, '#'::text))) = ((raw_patches.sha)::text))
  ->  Sort  (cost=1287098.83..1287509.33 rows=164200 width=39)
        Sort Key: (unnest(string_to_array(travistorrent_8_2_2017.git_all_built_commits, '#'::text)))
        ->  Seq Scan on travistorrent_8_2_2017  (cost=0.00..1266742.43 rows=164200 width=67)
              Filter: (gh_project_name = 'google/guava'::text)
  ->  Materialize  (cost=5304219668.30..5359077969.74 rows=10971660288 width=86)
        ->  Sort  (cost=5304219668.30..5331648819.02 rows=10971660288 width=86)
              Sort Key: ((raw_patches.sha)::text)
              ->  Seq Scan on raw_patches  (cost=0.00..849471854.88 rows=10971660288 width=86)
